<?xml version="1.0" encoding="UTF-8"?>
<!-- Generated by org.testng.reporters.JUnitReportReporter -->
<testsuite hostname="DESKTOP-HVLADVB" failures="0" tests="2" name="Academy.HomePage" time="7.593" errors="0" timestamp="2021-10-20T21:09:09 IST" skipped="0">
  <testcase classname="Academy.HomePage" name="basePageNavigation" time="5.050"/>
  <system-out/>
  <testcase classname="Academy.HomePage" name="basePageNavigation" time="2.543"/>
  <system-out/>
</testsuite> <!-- Academy.HomePage -->
