<?xml version="1.0" encoding="UTF-8"?>
<!-- Generated by org.testng.reporters.JUnitReportReporter -->
<testsuite hostname="DESKTOP-HVLADVB" failures="0" tests="1" name="Academy.validateTitle" time="0.083" errors="0" timestamp="2021-10-20T21:09:09 IST" skipped="0">
  <testcase classname="Academy.validateTitle" name="validateAppTitle" time="0.083"/>
  <system-out/>
</testsuite> <!-- Academy.validateTitle -->
