<?xml version="1.0" encoding="UTF-8"?>
<!-- Generated by org.testng.reporters.JUnitReportReporter -->
<testsuite hostname="DESKTOP-HVLADVB" failures="0" tests="2" name="Academy.HomePage" time="7.578" errors="0" timestamp="2021-10-21T04:51:25 IST" skipped="0">
  <testcase classname="Academy.HomePage" name="basePageNavigation" time="4.809"/>
  <system-out/>
  <testcase classname="Academy.HomePage" name="basePageNavigation" time="2.769"/>
  <system-out/>
</testsuite> <!-- Academy.HomePage -->
